<?xml version="1.0" encoding="UTF-8"?>
<!-- Generated by org.testng.reporters.JUnitReportReporter -->
<testsuite hostname="DESKTOP-84VHTLC" failures="0" tests="1" name="applitools.testrunner.TestRunner" time="281.046" errors="0" timestamp="30 Nov 2019 19:54:55 GMT" skipped="0">
  <testcase classname="applitools.testrunner.TestRunner" name="executeTest" time="281.046"/>
</testsuite> <!-- applitools.testrunner.TestRunner -->
