<?xml version="1.0" encoding="UTF-8"?>
<!-- Generated by org.testng.reporters.JUnitReportReporter -->
<testsuite hostname="DESKTOP-84VHTLC" failures="0" tests="1" name="applitools.testrunner.RunCukesTest" time="123.457" errors="0" timestamp="30 Nov 2019 18:49:42 GMT" skipped="0">
  <testcase classname="applitools.testrunner.RunCukesTest" name="feature" time="123.457"/>
</testsuite> <!-- applitools.testrunner.RunCukesTest -->
