<?xml version="1.0" encoding="UTF-8"?>
<!-- Generated by org.testng.reporters.JUnitReportReporter -->
<testsuite skipped="0" hostname="AIMIN01791.local" name="applitools.tests.VisualAITests" tests="1" failures="0" timestamp="29 Nov 2019 09:03:27 GMT" time="89.647" errors="0">
  <testcase name="visutalTest" time="89.647" classname="applitools.tests.VisualAITests"/>
</testsuite> <!-- applitools.tests.VisualAITests -->
