<?xml version="1.0" encoding="UTF-8"?>
<!-- Generated by org.testng.reporters.JUnitReportReporter -->
<testsuite skipped="0" hostname="AIMIN01791.local" name="applitools.hackathon.TraditionalTests" tests="1" failures="0" timestamp="28 Nov 2019 14:54:48 GMT" time="12.531" errors="0">
  <testcase name="testapp" time="12.531" classname="applitools.hackathon.TraditionalTests"/>
</testsuite> <!-- applitools.hackathon.TraditionalTests -->
