<?xml version="1.0" encoding="UTF-8"?>
<!-- Generated by org.testng.reporters.JUnitReportReporter -->
<testsuite skipped="0" hostname="AIMIN01791.local" name="applitools.testrunner.ExecuteTest" tests="1" failures="0" timestamp="29 Nov 2019 12:57:51 GMT" time="0.212" errors="0">
  <testcase name="executeTest" time="0.212" classname="applitools.testrunner.ExecuteTest"/>
</testsuite> <!-- applitools.testrunner.ExecuteTest -->
