<?xml version="1.0" encoding="UTF-8"?>
<!-- Generated by org.testng.reporters.JUnitReportReporter -->
<testsuite hostname="Khajas-MacBook-Pro.local" failures="0" tests="1" name="applitools.testrunner.TestRunner" time="3.221" errors="0" timestamp="24 Apr 2020 05:38:36 GMT" skipped="0">
  <testcase classname="applitools.testrunner.TestRunner" name="executeTest" time="3.221"/>
</testsuite> <!-- applitools.testrunner.TestRunner -->
