<?xml version="1.0" encoding="UTF-8"?>
<!-- Generated by org.testng.reporters.JUnitReportReporter -->
<testsuite skipped="0" hostname="AIMIN01791.local" name="applitools.testrunner.TestRunner" tests="1" failures="0" timestamp="29 Nov 2019 13:50:10 GMT" time="6.589" errors="0">
  <testcase name="executeTest" time="6.589" classname="applitools.testrunner.TestRunner"/>
</testsuite> <!-- applitools.testrunner.TestRunner -->
